[4.126s] Invoking command in '/home/jetson/nursing_yee/src/nursing_bringup': PYTHONPATH=/home/jetson/nursing_yee/build/nursing_bringup/prefix_override:/usr/lib/python3/dist-packages/colcon_core/task/python/colcon_distutils_commands:/home/jetson/nursing_yee/install/nursing_bringup/lib/python3.8/site-packages: /usr/bin/python3 -W ignore:setup.py install is deprecated -W ignore:easy_install command is deprecated setup.py egg_info --egg-base ../../build/nursing_bringup build --build-base /home/jetson/nursing_yee/build/nursing_bringup/build install --record /home/jetson/nursing_yee/build/nursing_bringup/install.log --install-scripts $base/lib/nursing_bringup --single-version-externally-managed install_data
[5.138s] /usr/local/lib/python3.8/dist-packages/setuptools/dist.py:717: UserWarning: Usage of dash-separated 'script-dir' will not be supported in future versions. Please use the underscore name 'script_dir' instead
[5.139s]   warnings.warn(
[5.277s] running egg_info
[5.282s] writing ../../build/nursing_bringup/nursing_bringup.egg-info/PKG-INFO
[5.282s] writing dependency_links to ../../build/nursing_bringup/nursing_bringup.egg-info/dependency_links.txt
[5.284s] writing entry points to ../../build/nursing_bringup/nursing_bringup.egg-info/entry_points.txt
[5.284s] writing requirements to ../../build/nursing_bringup/nursing_bringup.egg-info/requires.txt
[5.284s] writing top-level names to ../../build/nursing_bringup/nursing_bringup.egg-info/top_level.txt
[5.294s] reading manifest file '../../build/nursing_bringup/nursing_bringup.egg-info/SOURCES.txt'
[5.298s] writing manifest file '../../build/nursing_bringup/nursing_bringup.egg-info/SOURCES.txt'
[5.299s] running build
[5.299s] running build_py
[5.300s] running install
[5.302s] running install_lib
[5.308s] running install_data
[5.308s] copying launch/nursing_bringup.launch.py -> /home/jetson/nursing_yee/install/nursing_bringup/share/nursing_bringup/launch
[5.309s] running install_egg_info
[5.319s] removing '/home/jetson/nursing_yee/install/nursing_bringup/lib/python3.8/site-packages/nursing_bringup-0.0.0-py3.8.egg-info' (and everything under it)
[5.319s] Copying ../../build/nursing_bringup/nursing_bringup.egg-info to /home/jetson/nursing_yee/install/nursing_bringup/lib/python3.8/site-packages/nursing_bringup-0.0.0-py3.8.egg-info
[5.321s] running install_scripts
[5.399s] writing list of installed files to '/home/jetson/nursing_yee/build/nursing_bringup/install.log'
[5.501s] Invoked command in '/home/jetson/nursing_yee/src/nursing_bringup' returned '0': PYTHONPATH=/home/jetson/nursing_yee/build/nursing_bringup/prefix_override:/usr/lib/python3/dist-packages/colcon_core/task/python/colcon_distutils_commands:/home/jetson/nursing_yee/install/nursing_bringup/lib/python3.8/site-packages: /usr/bin/python3 -W ignore:setup.py install is deprecated -W ignore:easy_install command is deprecated setup.py egg_info --egg-base ../../build/nursing_bringup build --build-base /home/jetson/nursing_yee/build/nursing_bringup/build install --record /home/jetson/nursing_yee/build/nursing_bringup/install.log --install-scripts $base/lib/nursing_bringup --single-version-externally-managed install_data
