[0.883s] DEBUG:colcon:Command line arguments: ['/usr/bin/colcon', 'build']
[0.883s] DEBUG:colcon:Parsed command line arguments: Namespace(allow_overriding=[], ament_cmake_args=None, base_paths=['.'], build_base='build', catkin_cmake_args=None, catkin_skip_building_tests=False, cmake_args=None, cmake_clean_cache=False, cmake_clean_first=False, cmake_force_configure=False, cmake_target=None, cmake_target_skip_unavailable=False, continue_on_error=False, event_handlers=None, executor='parallel', ignore_user_meta=False, install_base='install', log_base=None, log_level=None, main=<bound method BuildVerb.main of <colcon_core.verb.build.BuildVerb object at 0x7f8a7b9f40>>, merge_install=False, metas=['./colcon.meta'], mixin=None, mixin_files=None, mixin_verb=('build',), packages_above=None, packages_above_and_dependencies=None, packages_above_depth=None, packages_end=None, packages_ignore=None, packages_ignore_regex=None, packages_select=None, packages_select_build_failed=False, packages_select_by_dep=None, packages_select_regex=None, packages_select_test_failures=False, packages_skip=None, packages_skip_build_finished=False, packages_skip_by_dep=None, packages_skip_regex=None, packages_skip_test_passed=False, packages_skip_up_to=None, packages_start=None, packages_up_to=None, packages_up_to_regex=None, parallel_workers=4, paths=None, symlink_install=False, test_result_base=None, verb_extension=<colcon_core.verb.build.BuildVerb object at 0x7f8a7b9f40>, verb_name='build', verb_parser=<colcon_mixin.mixin.mixin_argument.MixinArgumentDecorator object at 0x7f8a620550>)
[1.753s] Level 1:colcon.colcon_core.package_discovery:discover_packages(colcon_meta) check parameters
[1.753s] Level 1:colcon.colcon_core.package_discovery:discover_packages(recursive) check parameters
[1.753s] Level 1:colcon.colcon_core.package_discovery:discover_packages(ignore) check parameters
[1.754s] Level 1:colcon.colcon_core.package_discovery:discover_packages(path) check parameters
[1.754s] Level 1:colcon.colcon_core.package_discovery:discover_packages(colcon_meta) discover
[1.754s] Level 1:colcon.colcon_core.package_discovery:discover_packages(recursive) discover
[1.754s] INFO:colcon.colcon_core.package_discovery:Crawling recursively for packages in '/home/jetson/nursing_yee'
[1.755s] Level 1:colcon.colcon_core.package_identification:_identify(.) by extensions ['ignore', 'ignore_ament_install']
[1.755s] Level 1:colcon.colcon_core.package_identification:_identify(.) by extension 'ignore'
[1.755s] Level 1:colcon.colcon_core.package_identification:_identify(.) by extension 'ignore_ament_install'
[1.756s] Level 1:colcon.colcon_core.package_identification:_identify(.) by extensions ['colcon_pkg']
[1.756s] Level 1:colcon.colcon_core.package_identification:_identify(.) by extension 'colcon_pkg'
[1.756s] Level 1:colcon.colcon_core.package_identification:_identify(.) by extensions ['colcon_meta']
[1.756s] Level 1:colcon.colcon_core.package_identification:_identify(.) by extension 'colcon_meta'
[1.756s] Level 1:colcon.colcon_core.package_identification:_identify(.) by extensions ['ros']
[1.757s] Level 1:colcon.colcon_core.package_identification:_identify(.) by extension 'ros'
[1.808s] Level 1:colcon.colcon_core.package_identification:_identify(.) by extensions ['cmake', 'python']
[1.808s] Level 1:colcon.colcon_core.package_identification:_identify(.) by extension 'cmake'
[1.808s] Level 1:colcon.colcon_core.package_identification:_identify(.) by extension 'python'
[1.809s] Level 1:colcon.colcon_core.package_identification:_identify(.) by extensions ['python_setup_py']
[1.809s] Level 1:colcon.colcon_core.package_identification:_identify(.) by extension 'python_setup_py'
[1.809s] Level 1:colcon.colcon_core.package_identification:_identify(build) by extensions ['ignore', 'ignore_ament_install']
[1.810s] Level 1:colcon.colcon_core.package_identification:_identify(build) by extension 'ignore'
[1.810s] Level 1:colcon.colcon_core.package_identification:_identify(build) ignored
[1.811s] Level 1:colcon.colcon_core.package_identification:_identify(install) by extensions ['ignore', 'ignore_ament_install']
[1.811s] Level 1:colcon.colcon_core.package_identification:_identify(install) by extension 'ignore'
[1.811s] Level 1:colcon.colcon_core.package_identification:_identify(install) ignored
[1.812s] Level 1:colcon.colcon_core.package_identification:_identify(log) by extensions ['ignore', 'ignore_ament_install']
[1.812s] Level 1:colcon.colcon_core.package_identification:_identify(log) by extension 'ignore'
[1.812s] Level 1:colcon.colcon_core.package_identification:_identify(log) ignored
[1.813s] Level 1:colcon.colcon_core.package_identification:_identify(src) by extensions ['ignore', 'ignore_ament_install']
[1.813s] Level 1:colcon.colcon_core.package_identification:_identify(src) by extension 'ignore'
[1.813s] Level 1:colcon.colcon_core.package_identification:_identify(src) by extension 'ignore_ament_install'
[1.813s] Level 1:colcon.colcon_core.package_identification:_identify(src) by extensions ['colcon_pkg']
[1.813s] Level 1:colcon.colcon_core.package_identification:_identify(src) by extension 'colcon_pkg'
[1.814s] Level 1:colcon.colcon_core.package_identification:_identify(src) by extensions ['colcon_meta']
[1.814s] Level 1:colcon.colcon_core.package_identification:_identify(src) by extension 'colcon_meta'
[1.814s] Level 1:colcon.colcon_core.package_identification:_identify(src) by extensions ['ros']
[1.814s] Level 1:colcon.colcon_core.package_identification:_identify(src) by extension 'ros'
[1.814s] Level 1:colcon.colcon_core.package_identification:_identify(src) by extensions ['cmake', 'python']
[1.815s] Level 1:colcon.colcon_core.package_identification:_identify(src) by extension 'cmake'
[1.815s] Level 1:colcon.colcon_core.package_identification:_identify(src) by extension 'python'
[1.815s] Level 1:colcon.colcon_core.package_identification:_identify(src) by extensions ['python_setup_py']
[1.815s] Level 1:colcon.colcon_core.package_identification:_identify(src) by extension 'python_setup_py'
[1.816s] Level 1:colcon.colcon_core.package_identification:_identify(src/nursing_bringup) by extensions ['ignore', 'ignore_ament_install']
[1.816s] Level 1:colcon.colcon_core.package_identification:_identify(src/nursing_bringup) by extension 'ignore'
[1.816s] Level 1:colcon.colcon_core.package_identification:_identify(src/nursing_bringup) by extension 'ignore_ament_install'
[1.816s] Level 1:colcon.colcon_core.package_identification:_identify(src/nursing_bringup) by extensions ['colcon_pkg']
[1.817s] Level 1:colcon.colcon_core.package_identification:_identify(src/nursing_bringup) by extension 'colcon_pkg'
[1.817s] Level 1:colcon.colcon_core.package_identification:_identify(src/nursing_bringup) by extensions ['colcon_meta']
[1.817s] Level 1:colcon.colcon_core.package_identification:_identify(src/nursing_bringup) by extension 'colcon_meta'
[1.817s] Level 1:colcon.colcon_core.package_identification:_identify(src/nursing_bringup) by extensions ['ros']
[1.817s] Level 1:colcon.colcon_core.package_identification:_identify(src/nursing_bringup) by extension 'ros'
[1.867s] DEBUG:colcon.colcon_core.package_identification:Package 'src/nursing_bringup' with type 'ros.ament_python' and name 'nursing_bringup'
[1.868s] Level 1:colcon.colcon_core.package_identification:_identify(src/nursing_nfc_reader) by extensions ['ignore', 'ignore_ament_install']
[1.868s] Level 1:colcon.colcon_core.package_identification:_identify(src/nursing_nfc_reader) by extension 'ignore'
[1.868s] Level 1:colcon.colcon_core.package_identification:_identify(src/nursing_nfc_reader) by extension 'ignore_ament_install'
[1.869s] Level 1:colcon.colcon_core.package_identification:_identify(src/nursing_nfc_reader) by extensions ['colcon_pkg']
[1.869s] Level 1:colcon.colcon_core.package_identification:_identify(src/nursing_nfc_reader) by extension 'colcon_pkg'
[1.869s] Level 1:colcon.colcon_core.package_identification:_identify(src/nursing_nfc_reader) by extensions ['colcon_meta']
[1.869s] Level 1:colcon.colcon_core.package_identification:_identify(src/nursing_nfc_reader) by extension 'colcon_meta'
[1.869s] Level 1:colcon.colcon_core.package_identification:_identify(src/nursing_nfc_reader) by extensions ['ros']
[1.869s] Level 1:colcon.colcon_core.package_identification:_identify(src/nursing_nfc_reader) by extension 'ros'
[1.873s] DEBUG:colcon.colcon_core.package_identification:Package 'src/nursing_nfc_reader' with type 'ros.ament_python' and name 'nursing_nfc_reader'
[1.873s] Level 1:colcon.colcon_core.package_discovery:discover_packages(recursive) using defaults
[1.873s] Level 1:colcon.colcon_core.package_discovery:discover_packages(ignore) discover
[1.874s] Level 1:colcon.colcon_core.package_discovery:discover_packages(ignore) using defaults
[1.874s] Level 1:colcon.colcon_core.package_discovery:discover_packages(path) discover
[1.874s] Level 1:colcon.colcon_core.package_discovery:discover_packages(path) using defaults
[1.956s] Level 1:colcon.colcon_core.package_discovery:discover_packages(prefix_path) check parameters
[1.956s] Level 1:colcon.colcon_core.package_discovery:discover_packages(prefix_path) discover
[1.960s] Level 1:colcon.colcon_core.package_discovery:discover_packages(prefix_path) using defaults
[1.965s] Level 5:colcon.colcon_core.verb:set package 'nursing_bringup' build argument 'cmake_args' from command line to 'None'
[1.965s] Level 5:colcon.colcon_core.verb:set package 'nursing_bringup' build argument 'cmake_target' from command line to 'None'
[1.965s] Level 5:colcon.colcon_core.verb:set package 'nursing_bringup' build argument 'cmake_target_skip_unavailable' from command line to 'False'
[1.966s] Level 5:colcon.colcon_core.verb:set package 'nursing_bringup' build argument 'cmake_clean_cache' from command line to 'False'
[1.966s] Level 5:colcon.colcon_core.verb:set package 'nursing_bringup' build argument 'cmake_clean_first' from command line to 'False'
[1.966s] Level 5:colcon.colcon_core.verb:set package 'nursing_bringup' build argument 'cmake_force_configure' from command line to 'False'
[1.966s] Level 5:colcon.colcon_core.verb:set package 'nursing_bringup' build argument 'ament_cmake_args' from command line to 'None'
[1.966s] Level 5:colcon.colcon_core.verb:set package 'nursing_bringup' build argument 'catkin_cmake_args' from command line to 'None'
[1.966s] Level 5:colcon.colcon_core.verb:set package 'nursing_bringup' build argument 'catkin_skip_building_tests' from command line to 'False'
[1.967s] DEBUG:colcon.colcon_core.verb:Building package 'nursing_bringup' with the following arguments: {'ament_cmake_args': None, 'build_base': '/home/jetson/nursing_yee/build/nursing_bringup', 'catkin_cmake_args': None, 'catkin_skip_building_tests': False, 'cmake_args': None, 'cmake_clean_cache': False, 'cmake_clean_first': False, 'cmake_force_configure': False, 'cmake_target': None, 'cmake_target_skip_unavailable': False, 'install_base': '/home/jetson/nursing_yee/install/nursing_bringup', 'merge_install': False, 'path': '/home/jetson/nursing_yee/src/nursing_bringup', 'symlink_install': False, 'test_result_base': None}
[1.969s] Level 5:colcon.colcon_core.verb:set package 'nursing_nfc_reader' build argument 'cmake_args' from command line to 'None'
[1.969s] Level 5:colcon.colcon_core.verb:set package 'nursing_nfc_reader' build argument 'cmake_target' from command line to 'None'
[1.969s] Level 5:colcon.colcon_core.verb:set package 'nursing_nfc_reader' build argument 'cmake_target_skip_unavailable' from command line to 'False'
[1.969s] Level 5:colcon.colcon_core.verb:set package 'nursing_nfc_reader' build argument 'cmake_clean_cache' from command line to 'False'
[1.969s] Level 5:colcon.colcon_core.verb:set package 'nursing_nfc_reader' build argument 'cmake_clean_first' from command line to 'False'
[1.969s] Level 5:colcon.colcon_core.verb:set package 'nursing_nfc_reader' build argument 'cmake_force_configure' from command line to 'False'
[1.969s] Level 5:colcon.colcon_core.verb:set package 'nursing_nfc_reader' build argument 'ament_cmake_args' from command line to 'None'
[1.970s] Level 5:colcon.colcon_core.verb:set package 'nursing_nfc_reader' build argument 'catkin_cmake_args' from command line to 'None'
[1.970s] Level 5:colcon.colcon_core.verb:set package 'nursing_nfc_reader' build argument 'catkin_skip_building_tests' from command line to 'False'
[1.970s] DEBUG:colcon.colcon_core.verb:Building package 'nursing_nfc_reader' with the following arguments: {'ament_cmake_args': None, 'build_base': '/home/jetson/nursing_yee/build/nursing_nfc_reader', 'catkin_cmake_args': None, 'catkin_skip_building_tests': False, 'cmake_args': None, 'cmake_clean_cache': False, 'cmake_clean_first': False, 'cmake_force_configure': False, 'cmake_target': None, 'cmake_target_skip_unavailable': False, 'install_base': '/home/jetson/nursing_yee/install/nursing_nfc_reader', 'merge_install': False, 'path': '/home/jetson/nursing_yee/src/nursing_nfc_reader', 'symlink_install': False, 'test_result_base': None}
[1.970s] INFO:colcon.colcon_core.executor:Executing jobs using 'parallel' executor
[1.975s] DEBUG:colcon.colcon_parallel_executor.executor.parallel:run_until_complete
[1.976s] INFO:colcon.colcon_ros.task.ament_python.build:Building ROS package in '/home/jetson/nursing_yee/src/nursing_bringup' with build type 'ament_python'
[1.977s] Level 1:colcon.colcon_core.shell:create_environment_hook('nursing_bringup', 'ament_prefix_path')
[1.986s] INFO:colcon.colcon_core.plugin_system:Skipping extension 'colcon_core.shell.bat': Not used on non-Windows systems
[1.986s] INFO:colcon.colcon_core.shell:Creating environment hook '/home/jetson/nursing_yee/install/nursing_bringup/share/nursing_bringup/hook/ament_prefix_path.ps1'
[1.990s] INFO:colcon.colcon_core.shell:Creating environment descriptor '/home/jetson/nursing_yee/install/nursing_bringup/share/nursing_bringup/hook/ament_prefix_path.dsv'
[1.992s] INFO:colcon.colcon_core.shell:Creating environment hook '/home/jetson/nursing_yee/install/nursing_bringup/share/nursing_bringup/hook/ament_prefix_path.sh'
[1.996s] INFO:colcon.colcon_core.shell:Skip shell extension 'powershell' for command environment: Not usable outside of PowerShell
[1.997s] DEBUG:colcon.colcon_core.shell:Skip shell extension 'dsv' for command environment
[2.010s] INFO:colcon.colcon_ros.task.ament_python.build:Building ROS package in '/home/jetson/nursing_yee/src/nursing_nfc_reader' with build type 'ament_python'
[2.012s] Level 1:colcon.colcon_core.shell:create_environment_hook('nursing_nfc_reader', 'ament_prefix_path')
[2.014s] INFO:colcon.colcon_core.shell:Creating environment hook '/home/jetson/nursing_yee/install/nursing_nfc_reader/share/nursing_nfc_reader/hook/ament_prefix_path.ps1'
[2.016s] INFO:colcon.colcon_core.shell:Creating environment descriptor '/home/jetson/nursing_yee/install/nursing_nfc_reader/share/nursing_nfc_reader/hook/ament_prefix_path.dsv'
[2.018s] INFO:colcon.colcon_core.shell:Creating environment hook '/home/jetson/nursing_yee/install/nursing_nfc_reader/share/nursing_nfc_reader/hook/ament_prefix_path.sh'
[2.021s] INFO:colcon.colcon_core.shell:Skip shell extension 'powershell' for command environment: Not usable outside of PowerShell
[2.021s] DEBUG:colcon.colcon_core.shell:Skip shell extension 'dsv' for command environment
[3.172s] INFO:colcon.colcon_core.task.python.build:Building Python package in '/home/jetson/nursing_yee/src/nursing_bringup'
[3.173s] INFO:colcon.colcon_core.shell:Skip shell extension 'powershell' for command environment: Not usable outside of PowerShell
[3.173s] DEBUG:colcon.colcon_core.shell:Skip shell extension 'dsv' for command environment
[4.330s] INFO:colcon.colcon_core.task.python.build:Building Python package in '/home/jetson/nursing_yee/src/nursing_nfc_reader'
[4.332s] INFO:colcon.colcon_core.shell:Skip shell extension 'powershell' for command environment: Not usable outside of PowerShell
[4.332s] DEBUG:colcon.colcon_core.shell:Skip shell extension 'dsv' for command environment
[6.104s] DEBUG:colcon.colcon_core.event_handler.log_command:Invoking command in '/home/jetson/nursing_yee/src/nursing_bringup': PYTHONPATH=/home/jetson/nursing_yee/build/nursing_bringup/prefix_override:/usr/lib/python3/dist-packages/colcon_core/task/python/colcon_distutils_commands:/home/jetson/nursing_yee/install/nursing_bringup/lib/python3.8/site-packages: /usr/bin/python3 -W ignore:setup.py install is deprecated -W ignore:easy_install command is deprecated setup.py egg_info --egg-base ../../build/nursing_bringup build --build-base /home/jetson/nursing_yee/build/nursing_bringup/build install --record /home/jetson/nursing_yee/build/nursing_bringup/install.log --install-scripts $base/lib/nursing_bringup --single-version-externally-managed install_data
[6.128s] DEBUG:colcon.colcon_core.event_handler.log_command:Invoking command in '/home/jetson/nursing_yee/src/nursing_nfc_reader': PYTHONPATH=/home/jetson/nursing_yee/build/nursing_nfc_reader/prefix_override:/usr/lib/python3/dist-packages/colcon_core/task/python/colcon_distutils_commands:/home/jetson/nursing_yee/install/nursing_nfc_reader/lib/python3.8/site-packages: /usr/bin/python3 -W ignore:setup.py install is deprecated -W ignore:easy_install command is deprecated setup.py egg_info --egg-base ../../build/nursing_nfc_reader build --build-base /home/jetson/nursing_yee/build/nursing_nfc_reader/build install --record /home/jetson/nursing_yee/build/nursing_nfc_reader/install.log --install-scripts $base/lib/nursing_nfc_reader --single-version-externally-managed install_data
[7.479s] DEBUG:colcon.colcon_core.event_handler.log_command:Invoked command in '/home/jetson/nursing_yee/src/nursing_bringup' returned '0': PYTHONPATH=/home/jetson/nursing_yee/build/nursing_bringup/prefix_override:/usr/lib/python3/dist-packages/colcon_core/task/python/colcon_distutils_commands:/home/jetson/nursing_yee/install/nursing_bringup/lib/python3.8/site-packages: /usr/bin/python3 -W ignore:setup.py install is deprecated -W ignore:easy_install command is deprecated setup.py egg_info --egg-base ../../build/nursing_bringup build --build-base /home/jetson/nursing_yee/build/nursing_bringup/build install --record /home/jetson/nursing_yee/build/nursing_bringup/install.log --install-scripts $base/lib/nursing_bringup --single-version-externally-managed install_data
[7.489s] Level 1:colcon.colcon_core.environment:checking '/home/jetson/nursing_yee/install/nursing_bringup' for CMake module files
[7.492s] Level 1:colcon.colcon_core.environment:checking '/home/jetson/nursing_yee/install/nursing_bringup' for CMake config files
[7.495s] Level 1:colcon.colcon_core.environment:checking '/home/jetson/nursing_yee/install/nursing_bringup/lib'
[7.496s] Level 1:colcon.colcon_core.environment:checking '/home/jetson/nursing_yee/install/nursing_bringup/bin'
[7.496s] Level 1:colcon.colcon_core.environment:checking '/home/jetson/nursing_yee/install/nursing_bringup/lib/pkgconfig/nursing_bringup.pc'
[7.497s] Level 1:colcon.colcon_core.environment:checking '/home/jetson/nursing_yee/install/nursing_bringup/lib/python3.8/site-packages'
[7.498s] Level 1:colcon.colcon_core.shell:create_environment_hook('nursing_bringup', 'pythonpath')
[7.499s] INFO:colcon.colcon_core.shell:Creating environment hook '/home/jetson/nursing_yee/install/nursing_bringup/share/nursing_bringup/hook/pythonpath.ps1'
[7.502s] INFO:colcon.colcon_core.shell:Creating environment descriptor '/home/jetson/nursing_yee/install/nursing_bringup/share/nursing_bringup/hook/pythonpath.dsv'
[7.504s] INFO:colcon.colcon_core.shell:Creating environment hook '/home/jetson/nursing_yee/install/nursing_bringup/share/nursing_bringup/hook/pythonpath.sh'
[7.507s] Level 1:colcon.colcon_core.environment:checking '/home/jetson/nursing_yee/install/nursing_bringup/bin'
[7.508s] Level 1:colcon.colcon_core.environment:create_environment_scripts_only(nursing_bringup)
[7.510s] INFO:colcon.colcon_core.shell:Creating package script '/home/jetson/nursing_yee/install/nursing_bringup/share/nursing_bringup/package.ps1'
[7.514s] INFO:colcon.colcon_core.shell:Creating package descriptor '/home/jetson/nursing_yee/install/nursing_bringup/share/nursing_bringup/package.dsv'
[7.517s] INFO:colcon.colcon_core.shell:Creating package script '/home/jetson/nursing_yee/install/nursing_bringup/share/nursing_bringup/package.sh'
[7.522s] INFO:colcon.colcon_core.shell:Creating package script '/home/jetson/nursing_yee/install/nursing_bringup/share/nursing_bringup/package.bash'
[7.526s] INFO:colcon.colcon_core.shell:Creating package script '/home/jetson/nursing_yee/install/nursing_bringup/share/nursing_bringup/package.zsh'
[7.529s] Level 1:colcon.colcon_core.environment:create_file_with_runtime_dependencies(/home/jetson/nursing_yee/install/nursing_bringup/share/colcon-core/packages/nursing_bringup)
[7.534s] Level 1:colcon.colcon_core.environment:checking '/home/jetson/nursing_yee/install/nursing_nfc_reader' for CMake module files
[7.537s] DEBUG:colcon.colcon_core.event_handler.log_command:Invoked command in '/home/jetson/nursing_yee/src/nursing_nfc_reader' returned '0': PYTHONPATH=/home/jetson/nursing_yee/build/nursing_nfc_reader/prefix_override:/usr/lib/python3/dist-packages/colcon_core/task/python/colcon_distutils_commands:/home/jetson/nursing_yee/install/nursing_nfc_reader/lib/python3.8/site-packages: /usr/bin/python3 -W ignore:setup.py install is deprecated -W ignore:easy_install command is deprecated setup.py egg_info --egg-base ../../build/nursing_nfc_reader build --build-base /home/jetson/nursing_yee/build/nursing_nfc_reader/build install --record /home/jetson/nursing_yee/build/nursing_nfc_reader/install.log --install-scripts $base/lib/nursing_nfc_reader --single-version-externally-managed install_data
[7.538s] Level 1:colcon.colcon_core.environment:checking '/home/jetson/nursing_yee/install/nursing_nfc_reader' for CMake config files
[7.541s] Level 1:colcon.colcon_core.environment:checking '/home/jetson/nursing_yee/install/nursing_nfc_reader/lib'
[7.541s] Level 1:colcon.colcon_core.environment:checking '/home/jetson/nursing_yee/install/nursing_nfc_reader/bin'
[7.541s] Level 1:colcon.colcon_core.environment:checking '/home/jetson/nursing_yee/install/nursing_nfc_reader/lib/pkgconfig/nursing_nfc_reader.pc'
[7.542s] Level 1:colcon.colcon_core.environment:checking '/home/jetson/nursing_yee/install/nursing_nfc_reader/lib/python3.8/site-packages'
[7.542s] Level 1:colcon.colcon_core.shell:create_environment_hook('nursing_nfc_reader', 'pythonpath')
[7.543s] INFO:colcon.colcon_core.shell:Creating environment hook '/home/jetson/nursing_yee/install/nursing_nfc_reader/share/nursing_nfc_reader/hook/pythonpath.ps1'
[7.545s] INFO:colcon.colcon_core.shell:Creating environment descriptor '/home/jetson/nursing_yee/install/nursing_nfc_reader/share/nursing_nfc_reader/hook/pythonpath.dsv'
[7.547s] INFO:colcon.colcon_core.shell:Creating environment hook '/home/jetson/nursing_yee/install/nursing_nfc_reader/share/nursing_nfc_reader/hook/pythonpath.sh'
[7.549s] Level 1:colcon.colcon_core.environment:checking '/home/jetson/nursing_yee/install/nursing_nfc_reader/bin'
[7.549s] Level 1:colcon.colcon_core.environment:create_environment_scripts_only(nursing_nfc_reader)
[7.551s] INFO:colcon.colcon_core.shell:Creating package script '/home/jetson/nursing_yee/install/nursing_nfc_reader/share/nursing_nfc_reader/package.ps1'
[7.553s] INFO:colcon.colcon_core.shell:Creating package descriptor '/home/jetson/nursing_yee/install/nursing_nfc_reader/share/nursing_nfc_reader/package.dsv'
[7.555s] INFO:colcon.colcon_core.shell:Creating package script '/home/jetson/nursing_yee/install/nursing_nfc_reader/share/nursing_nfc_reader/package.sh'
[7.557s] INFO:colcon.colcon_core.shell:Creating package script '/home/jetson/nursing_yee/install/nursing_nfc_reader/share/nursing_nfc_reader/package.bash'
[7.559s] INFO:colcon.colcon_core.shell:Creating package script '/home/jetson/nursing_yee/install/nursing_nfc_reader/share/nursing_nfc_reader/package.zsh'
[7.560s] Level 1:colcon.colcon_core.environment:create_file_with_runtime_dependencies(/home/jetson/nursing_yee/install/nursing_nfc_reader/share/colcon-core/packages/nursing_nfc_reader)
[7.561s] DEBUG:colcon.colcon_parallel_executor.executor.parallel:closing loop
[7.562s] DEBUG:colcon.colcon_parallel_executor.executor.parallel:loop closed
[7.563s] DEBUG:colcon.colcon_parallel_executor.executor.parallel:run_until_complete finished with '0'
[7.563s] DEBUG:colcon.colcon_core.event_reactor:joining thread
[7.588s] INFO:colcon.colcon_core.plugin_system:Skipping extension 'colcon_notification.desktop_notification.terminal_notifier': Not used on non-Darwin systems
[7.588s] INFO:colcon.colcon_core.plugin_system:Skipping extension 'colcon_notification.desktop_notification.win32': Not used on non-Windows systems
[7.589s] INFO:colcon.colcon_notification.desktop_notification:Sending desktop notification using 'notify2'
[7.626s] DEBUG:colcon.colcon_core.event_reactor:joined thread
[7.628s] INFO:colcon.colcon_core.shell:Creating prefix script '/home/jetson/nursing_yee/install/local_setup.ps1'
[7.632s] INFO:colcon.colcon_core.shell:Creating prefix util module '/home/jetson/nursing_yee/install/_local_setup_util_ps1.py'
[7.638s] INFO:colcon.colcon_core.shell:Creating prefix chain script '/home/jetson/nursing_yee/install/setup.ps1'
[7.642s] INFO:colcon.colcon_core.shell:Creating prefix script '/home/jetson/nursing_yee/install/local_setup.sh'
[7.644s] INFO:colcon.colcon_core.shell:Creating prefix util module '/home/jetson/nursing_yee/install/_local_setup_util_sh.py'
[7.647s] INFO:colcon.colcon_core.shell:Creating prefix chain script '/home/jetson/nursing_yee/install/setup.sh'
[7.650s] INFO:colcon.colcon_core.shell:Creating prefix script '/home/jetson/nursing_yee/install/local_setup.bash'
[7.652s] INFO:colcon.colcon_core.shell:Creating prefix chain script '/home/jetson/nursing_yee/install/setup.bash'
[7.655s] INFO:colcon.colcon_core.shell:Creating prefix script '/home/jetson/nursing_yee/install/local_setup.zsh'
[7.657s] INFO:colcon.colcon_core.shell:Creating prefix chain script '/home/jetson/nursing_yee/install/setup.zsh'
