/usr/local/lib/python3.8/dist-packages/setuptools/dist.py:717: UserWarning: Usage of dash-separated 'script-dir' will not be supported in future versions. Please use the underscore name 'script_dir' instead
  warnings.warn(
running egg_info
creating ../../build/nursing_nfc_reader/nursing_nfc_reader.egg-info
writing ../../build/nursing_nfc_reader/nursing_nfc_reader.egg-info/PKG-INFO
writing dependency_links to ../../build/nursing_nfc_reader/nursing_nfc_reader.egg-info/dependency_links.txt
writing entry points to ../../build/nursing_nfc_reader/nursing_nfc_reader.egg-info/entry_points.txt
writing requirements to ../../build/nursing_nfc_reader/nursing_nfc_reader.egg-info/requires.txt
writing top-level names to ../../build/nursing_nfc_reader/nursing_nfc_reader.egg-info/top_level.txt
writing manifest file '../../build/nursing_nfc_reader/nursing_nfc_reader.egg-info/SOURCES.txt'
reading manifest file '../../build/nursing_nfc_reader/nursing_nfc_reader.egg-info/SOURCES.txt'
writing manifest file '../../build/nursing_nfc_reader/nursing_nfc_reader.egg-info/SOURCES.txt'
running build
running build_py
creating /home/jetson/nursing_yee/build/nursing_nfc_reader/build
creating /home/jetson/nursing_yee/build/nursing_nfc_reader/build/lib
creating /home/jetson/nursing_yee/build/nursing_nfc_reader/build/lib/nursing_nfc_reader
copying nursing_nfc_reader/nfc_reader.py -> /home/jetson/nursing_yee/build/nursing_nfc_reader/build/lib/nursing_nfc_reader
copying nursing_nfc_reader/__init__.py -> /home/jetson/nursing_yee/build/nursing_nfc_reader/build/lib/nursing_nfc_reader
running install
running install_lib
creating /home/jetson/nursing_yee/install/nursing_nfc_reader/lib/python3.8/site-packages/nursing_nfc_reader
copying /home/jetson/nursing_yee/build/nursing_nfc_reader/build/lib/nursing_nfc_reader/nfc_reader.py -> /home/jetson/nursing_yee/install/nursing_nfc_reader/lib/python3.8/site-packages/nursing_nfc_reader
copying /home/jetson/nursing_yee/build/nursing_nfc_reader/build/lib/nursing_nfc_reader/__init__.py -> /home/jetson/nursing_yee/install/nursing_nfc_reader/lib/python3.8/site-packages/nursing_nfc_reader
byte-compiling /home/jetson/nursing_yee/install/nursing_nfc_reader/lib/python3.8/site-packages/nursing_nfc_reader/nfc_reader.py to nfc_reader.cpython-38.pyc
byte-compiling /home/jetson/nursing_yee/install/nursing_nfc_reader/lib/python3.8/site-packages/nursing_nfc_reader/__init__.py to __init__.cpython-38.pyc
running install_data
creating /home/jetson/nursing_yee/install/nursing_nfc_reader/share/ament_index
creating /home/jetson/nursing_yee/install/nursing_nfc_reader/share/ament_index/resource_index
creating /home/jetson/nursing_yee/install/nursing_nfc_reader/share/ament_index/resource_index/packages
copying resource/nursing_nfc_reader -> /home/jetson/nursing_yee/install/nursing_nfc_reader/share/ament_index/resource_index/packages
copying package.xml -> /home/jetson/nursing_yee/install/nursing_nfc_reader/share/nursing_nfc_reader
running install_egg_info
Copying ../../build/nursing_nfc_reader/nursing_nfc_reader.egg-info to /home/jetson/nursing_yee/install/nursing_nfc_reader/lib/python3.8/site-packages/nursing_nfc_reader-0.0.0-py3.8.egg-info
running install_scripts
Installing nfc_reader script to /home/jetson/nursing_yee/install/nursing_nfc_reader/lib/nursing_nfc_reader
writing list of installed files to '/home/jetson/nursing_yee/build/nursing_nfc_reader/install.log'
