running egg_info
creating ../../build/nursing_bringup/nursing_bringup.egg-info
writing ../../build/nursing_bringup/nursing_bringup.egg-info/PKG-INFO
writing dependency_links to ../../build/nursing_bringup/nursing_bringup.egg-info/dependency_links.txt
writing entry points to ../../build/nursing_bringup/nursing_bringup.egg-info/entry_points.txt
writing requirements to ../../build/nursing_bringup/nursing_bringup.egg-info/requires.txt
writing top-level names to ../../build/nursing_bringup/nursing_bringup.egg-info/top_level.txt
writing manifest file '../../build/nursing_bringup/nursing_bringup.egg-info/SOURCES.txt'
reading manifest file '../../build/nursing_bringup/nursing_bringup.egg-info/SOURCES.txt'
writing manifest file '../../build/nursing_bringup/nursing_bringup.egg-info/SOURCES.txt'
running build
running build_py
creating /home/jetson/nursing_yee/build/nursing_bringup/build
creating /home/jetson/nursing_yee/build/nursing_bringup/build/lib
creating /home/jetson/nursing_yee/build/nursing_bringup/build/lib/nursing_bringup
copying nursing_bringup/__init__.py -> /home/jetson/nursing_yee/build/nursing_bringup/build/lib/nursing_bringup
running install
running install_lib
creating /home/jetson/nursing_yee/install/nursing_bringup/lib/python3.8/site-packages/nursing_bringup
copying /home/jetson/nursing_yee/build/nursing_bringup/build/lib/nursing_bringup/__init__.py -> /home/jetson/nursing_yee/install/nursing_bringup/lib/python3.8/site-packages/nursing_bringup
byte-compiling /home/jetson/nursing_yee/install/nursing_bringup/lib/python3.8/site-packages/nursing_bringup/__init__.py to __init__.cpython-38.pyc
running install_data
creating /home/jetson/nursing_yee/install/nursing_bringup/share/ament_index
creating /home/jetson/nursing_yee/install/nursing_bringup/share/ament_index/resource_index
creating /home/jetson/nursing_yee/install/nursing_bringup/share/ament_index/resource_index/packages
copying resource/nursing_bringup -> /home/jetson/nursing_yee/install/nursing_bringup/share/ament_index/resource_index/packages
copying package.xml -> /home/jetson/nursing_yee/install/nursing_bringup/share/nursing_bringup
running install_egg_info
Copying ../../build/nursing_bringup/nursing_bringup.egg-info to /home/jetson/nursing_yee/install/nursing_bringup/lib/python3.8/site-packages/nursing_bringup-0.0.0-py3.8.egg-info
running install_scripts
writing list of installed files to '/home/jetson/nursing_yee/build/nursing_bringup/install.log'
