[4.555s] Invoking command in '/home/jetson/nursing_yee/src/nursing_nfc_reader': PYTHONPATH=/home/jetson/nursing_yee/build/nursing_nfc_reader/prefix_override:/usr/lib/python3/dist-packages/colcon_core/task/python/colcon_distutils_commands:/home/jetson/nursing_yee/install/nursing_nfc_reader/lib/python3.8/site-packages:${PYTHONPATH} /usr/bin/python3 -W ignore:setup.py install is deprecated -W ignore:easy_install command is deprecated setup.py egg_info --egg-base ../../build/nursing_nfc_reader build --build-base /home/jetson/nursing_yee/build/nursing_nfc_reader/build install --record /home/jetson/nursing_yee/build/nursing_nfc_reader/install.log --install-scripts $base/lib/nursing_nfc_reader --single-version-externally-managed install_data
[5.671s] /usr/local/lib/python3.8/dist-packages/setuptools/dist.py:717: UserWarning: Usage of dash-separated 'script-dir' will not be supported in future versions. Please use the underscore name 'script_dir' instead
[5.671s]   warnings.warn(
[5.812s] running egg_info
[5.815s] writing ../../build/nursing_nfc_reader/nursing_nfc_reader.egg-info/PKG-INFO
[5.815s] writing dependency_links to ../../build/nursing_nfc_reader/nursing_nfc_reader.egg-info/dependency_links.txt
[5.816s] writing entry points to ../../build/nursing_nfc_reader/nursing_nfc_reader.egg-info/entry_points.txt
[5.818s] writing requirements to ../../build/nursing_nfc_reader/nursing_nfc_reader.egg-info/requires.txt
[5.819s] writing top-level names to ../../build/nursing_nfc_reader/nursing_nfc_reader.egg-info/top_level.txt
[5.831s] reading manifest file '../../build/nursing_nfc_reader/nursing_nfc_reader.egg-info/SOURCES.txt'
[5.835s] writing manifest file '../../build/nursing_nfc_reader/nursing_nfc_reader.egg-info/SOURCES.txt'
[5.835s] running build
[5.836s] running build_py
[5.836s] running install
[5.839s] running install_lib
[5.845s] running install_data
[5.846s] running install_egg_info
[5.854s] removing '/home/jetson/nursing_yee/install/nursing_nfc_reader/lib/python3.8/site-packages/nursing_nfc_reader-0.0.0-py3.8.egg-info' (and everything under it)
[5.855s] Copying ../../build/nursing_nfc_reader/nursing_nfc_reader.egg-info to /home/jetson/nursing_yee/install/nursing_nfc_reader/lib/python3.8/site-packages/nursing_nfc_reader-0.0.0-py3.8.egg-info
[5.859s] running install_scripts
[5.935s] Installing nfc_reader script to /home/jetson/nursing_yee/install/nursing_nfc_reader/lib/nursing_nfc_reader
[5.936s] writing list of installed files to '/home/jetson/nursing_yee/build/nursing_nfc_reader/install.log'
[6.088s] Invoked command in '/home/jetson/nursing_yee/src/nursing_nfc_reader' returned '0': PYTHONPATH=/home/jetson/nursing_yee/build/nursing_nfc_reader/prefix_override:/usr/lib/python3/dist-packages/colcon_core/task/python/colcon_distutils_commands:/home/jetson/nursing_yee/install/nursing_nfc_reader/lib/python3.8/site-packages:${PYTHONPATH} /usr/bin/python3 -W ignore:setup.py install is deprecated -W ignore:easy_install command is deprecated setup.py egg_info --egg-base ../../build/nursing_nfc_reader build --build-base /home/jetson/nursing_yee/build/nursing_nfc_reader/build install --record /home/jetson/nursing_yee/build/nursing_nfc_reader/install.log --install-scripts $base/lib/nursing_nfc_reader --single-version-externally-managed install_data
