[3.026s] Invoking command in '/home/jetson/nursing_yee/src/nursing_nfc_reader': PYTHONPATH=/home/jetson/nursing_yee/build/nursing_nfc_reader/prefix_override:/usr/lib/python3/dist-packages/colcon_core/task/python/colcon_distutils_commands:/home/jetson/nursing_yee/install/nursing_nfc_reader/lib/python3.8/site-packages: /usr/bin/python3 -W ignore:setup.py install is deprecated -W ignore:easy_install command is deprecated setup.py egg_info --egg-base ../../build/nursing_nfc_reader build --build-base /home/jetson/nursing_yee/build/nursing_nfc_reader/build install --record /home/jetson/nursing_yee/build/nursing_nfc_reader/install.log --install-scripts $base/lib/nursing_nfc_reader --single-version-externally-managed install_data
[3.989s] /usr/local/lib/python3.8/dist-packages/setuptools/dist.py:717: UserWarning: Usage of dash-separated 'script-dir' will not be supported in future versions. Please use the underscore name 'script_dir' instead
[3.989s]   warnings.warn(
[4.114s] running egg_info
[4.116s] creating ../../build/nursing_nfc_reader/nursing_nfc_reader.egg-info
[4.116s] writing ../../build/nursing_nfc_reader/nursing_nfc_reader.egg-info/PKG-INFO
[4.117s] writing dependency_links to ../../build/nursing_nfc_reader/nursing_nfc_reader.egg-info/dependency_links.txt
[4.119s] writing entry points to ../../build/nursing_nfc_reader/nursing_nfc_reader.egg-info/entry_points.txt
[4.119s] writing requirements to ../../build/nursing_nfc_reader/nursing_nfc_reader.egg-info/requires.txt
[4.120s] writing top-level names to ../../build/nursing_nfc_reader/nursing_nfc_reader.egg-info/top_level.txt
[4.129s] writing manifest file '../../build/nursing_nfc_reader/nursing_nfc_reader.egg-info/SOURCES.txt'
[4.136s] reading manifest file '../../build/nursing_nfc_reader/nursing_nfc_reader.egg-info/SOURCES.txt'
[4.139s] writing manifest file '../../build/nursing_nfc_reader/nursing_nfc_reader.egg-info/SOURCES.txt'
[4.140s] running build
[4.140s] running build_py
[4.141s] creating /home/jetson/nursing_yee/build/nursing_nfc_reader/build
[4.141s] creating /home/jetson/nursing_yee/build/nursing_nfc_reader/build/lib
[4.141s] creating /home/jetson/nursing_yee/build/nursing_nfc_reader/build/lib/nursing_nfc_reader
[4.142s] copying nursing_nfc_reader/nfc_reader.py -> /home/jetson/nursing_yee/build/nursing_nfc_reader/build/lib/nursing_nfc_reader
[4.142s] copying nursing_nfc_reader/__init__.py -> /home/jetson/nursing_yee/build/nursing_nfc_reader/build/lib/nursing_nfc_reader
[4.142s] running install
[4.144s] running install_lib
[4.147s] creating /home/jetson/nursing_yee/install/nursing_nfc_reader/lib/python3.8/site-packages/nursing_nfc_reader
[4.148s] copying /home/jetson/nursing_yee/build/nursing_nfc_reader/build/lib/nursing_nfc_reader/nfc_reader.py -> /home/jetson/nursing_yee/install/nursing_nfc_reader/lib/python3.8/site-packages/nursing_nfc_reader
[4.148s] copying /home/jetson/nursing_yee/build/nursing_nfc_reader/build/lib/nursing_nfc_reader/__init__.py -> /home/jetson/nursing_yee/install/nursing_nfc_reader/lib/python3.8/site-packages/nursing_nfc_reader
[4.150s] byte-compiling /home/jetson/nursing_yee/install/nursing_nfc_reader/lib/python3.8/site-packages/nursing_nfc_reader/nfc_reader.py to nfc_reader.cpython-38.pyc
[4.152s] byte-compiling /home/jetson/nursing_yee/install/nursing_nfc_reader/lib/python3.8/site-packages/nursing_nfc_reader/__init__.py to __init__.cpython-38.pyc
[4.153s] running install_data
[4.153s] creating /home/jetson/nursing_yee/install/nursing_nfc_reader/share/ament_index
[4.154s] creating /home/jetson/nursing_yee/install/nursing_nfc_reader/share/ament_index/resource_index
[4.154s] creating /home/jetson/nursing_yee/install/nursing_nfc_reader/share/ament_index/resource_index/packages
[4.155s] copying resource/nursing_nfc_reader -> /home/jetson/nursing_yee/install/nursing_nfc_reader/share/ament_index/resource_index/packages
[4.155s] copying package.xml -> /home/jetson/nursing_yee/install/nursing_nfc_reader/share/nursing_nfc_reader
[4.155s] running install_egg_info
[4.160s] Copying ../../build/nursing_nfc_reader/nursing_nfc_reader.egg-info to /home/jetson/nursing_yee/install/nursing_nfc_reader/lib/python3.8/site-packages/nursing_nfc_reader-0.0.0-py3.8.egg-info
[4.164s] running install_scripts
[4.234s] Installing nfc_reader script to /home/jetson/nursing_yee/install/nursing_nfc_reader/lib/nursing_nfc_reader
[4.235s] writing list of installed files to '/home/jetson/nursing_yee/build/nursing_nfc_reader/install.log'
[4.337s] Invoked command in '/home/jetson/nursing_yee/src/nursing_nfc_reader' returned '0': PYTHONPATH=/home/jetson/nursing_yee/build/nursing_nfc_reader/prefix_override:/usr/lib/python3/dist-packages/colcon_core/task/python/colcon_distutils_commands:/home/jetson/nursing_yee/install/nursing_nfc_reader/lib/python3.8/site-packages: /usr/bin/python3 -W ignore:setup.py install is deprecated -W ignore:easy_install command is deprecated setup.py egg_info --egg-base ../../build/nursing_nfc_reader build --build-base /home/jetson/nursing_yee/build/nursing_nfc_reader/build install --record /home/jetson/nursing_yee/build/nursing_nfc_reader/install.log --install-scripts $base/lib/nursing_nfc_reader --single-version-externally-managed install_data
