[4.605s] Invoking command in '/home/jetson/nursing_yee/src/nursing_nfc_reader': PYTHONPATH=/home/jetson/nursing_yee/build/nursing_nfc_reader/prefix_override:/usr/lib/python3/dist-packages/colcon_core/task/python/colcon_distutils_commands:/home/jetson/nursing_yee/install/nursing_nfc_reader/lib/python3.8/site-packages:${PYTHONPATH} /usr/bin/python3 -W ignore:setup.py install is deprecated -W ignore:easy_install command is deprecated setup.py egg_info --egg-base ../../build/nursing_nfc_reader build --build-base /home/jetson/nursing_yee/build/nursing_nfc_reader/build install --record /home/jetson/nursing_yee/build/nursing_nfc_reader/install.log --install-scripts $base/lib/nursing_nfc_reader --single-version-externally-managed install_data
[5.766s] /usr/local/lib/python3.8/dist-packages/setuptools/dist.py:717: UserWarning: Usage of dash-separated 'script-dir' will not be supported in future versions. Please use the underscore name 'script_dir' instead
[5.766s]   warnings.warn(
[5.909s] running egg_info
[5.912s] writing ../../build/nursing_nfc_reader/nursing_nfc_reader.egg-info/PKG-INFO
[5.914s] writing dependency_links to ../../build/nursing_nfc_reader/nursing_nfc_reader.egg-info/dependency_links.txt
[5.915s] writing entry points to ../../build/nursing_nfc_reader/nursing_nfc_reader.egg-info/entry_points.txt
[5.915s] writing requirements to ../../build/nursing_nfc_reader/nursing_nfc_reader.egg-info/requires.txt
[5.916s] writing top-level names to ../../build/nursing_nfc_reader/nursing_nfc_reader.egg-info/top_level.txt
[5.927s] reading manifest file '../../build/nursing_nfc_reader/nursing_nfc_reader.egg-info/SOURCES.txt'
[5.931s] writing manifest file '../../build/nursing_nfc_reader/nursing_nfc_reader.egg-info/SOURCES.txt'
[5.932s] running build
[5.932s] running build_py
[5.933s] copying nursing_nfc_reader/nfc_reader.py -> /home/jetson/nursing_yee/build/nursing_nfc_reader/build/lib/nursing_nfc_reader
[5.933s] running install
[5.936s] running install_lib
[5.940s] copying /home/jetson/nursing_yee/build/nursing_nfc_reader/build/lib/nursing_nfc_reader/nfc_reader.py -> /home/jetson/nursing_yee/install/nursing_nfc_reader/lib/python3.8/site-packages/nursing_nfc_reader
[5.942s] byte-compiling /home/jetson/nursing_yee/install/nursing_nfc_reader/lib/python3.8/site-packages/nursing_nfc_reader/nfc_reader.py to nfc_reader.cpython-38.pyc
[5.945s] running install_data
[5.946s] running install_egg_info
[5.953s] removing '/home/jetson/nursing_yee/install/nursing_nfc_reader/lib/python3.8/site-packages/nursing_nfc_reader-0.0.0-py3.8.egg-info' (and everything under it)
[5.955s] Copying ../../build/nursing_nfc_reader/nursing_nfc_reader.egg-info to /home/jetson/nursing_yee/install/nursing_nfc_reader/lib/python3.8/site-packages/nursing_nfc_reader-0.0.0-py3.8.egg-info
[5.958s] running install_scripts
[6.035s] Installing nfc_reader script to /home/jetson/nursing_yee/install/nursing_nfc_reader/lib/nursing_nfc_reader
[6.037s] writing list of installed files to '/home/jetson/nursing_yee/build/nursing_nfc_reader/install.log'
[6.143s] Invoked command in '/home/jetson/nursing_yee/src/nursing_nfc_reader' returned '0': PYTHONPATH=/home/jetson/nursing_yee/build/nursing_nfc_reader/prefix_override:/usr/lib/python3/dist-packages/colcon_core/task/python/colcon_distutils_commands:/home/jetson/nursing_yee/install/nursing_nfc_reader/lib/python3.8/site-packages:${PYTHONPATH} /usr/bin/python3 -W ignore:setup.py install is deprecated -W ignore:easy_install command is deprecated setup.py egg_info --egg-base ../../build/nursing_nfc_reader build --build-base /home/jetson/nursing_yee/build/nursing_nfc_reader/build install --record /home/jetson/nursing_yee/build/nursing_nfc_reader/install.log --install-scripts $base/lib/nursing_nfc_reader --single-version-externally-managed install_data
