/usr/local/lib/python3.8/dist-packages/setuptools/dist.py:717: UserWarning: Usage of dash-separated 'script-dir' will not be supported in future versions. Please use the underscore name 'script_dir' instead
  warnings.warn(
running egg_info
writing ../../build/nursing_bringup/nursing_bringup.egg-info/PKG-INFO
writing dependency_links to ../../build/nursing_bringup/nursing_bringup.egg-info/dependency_links.txt
writing entry points to ../../build/nursing_bringup/nursing_bringup.egg-info/entry_points.txt
writing requirements to ../../build/nursing_bringup/nursing_bringup.egg-info/requires.txt
writing top-level names to ../../build/nursing_bringup/nursing_bringup.egg-info/top_level.txt
reading manifest file '../../build/nursing_bringup/nursing_bringup.egg-info/SOURCES.txt'
writing manifest file '../../build/nursing_bringup/nursing_bringup.egg-info/SOURCES.txt'
running build
running build_py
running install
running install_lib
running install_data
copying package.xml -> /home/jetson/nursing_yee/install/nursing_bringup/share/nursing_bringup
creating /home/jetson/nursing_yee/install/nursing_bringup/share/nursing_bringup/launch
copying launch/nursing_bringup.launch.py -> /home/jetson/nursing_yee/install/nursing_bringup/share/nursing_bringup/launch
running install_egg_info
removing '/home/jetson/nursing_yee/install/nursing_bringup/lib/python3.8/site-packages/nursing_bringup-0.0.0-py3.8.egg-info' (and everything under it)
Copying ../../build/nursing_bringup/nursing_bringup.egg-info to /home/jetson/nursing_yee/install/nursing_bringup/lib/python3.8/site-packages/nursing_bringup-0.0.0-py3.8.egg-info
running install_scripts
writing list of installed files to '/home/jetson/nursing_yee/build/nursing_bringup/install.log'
