[4.574s] Invoking command in '/home/jetson/nursing_yee/src/nursing_bringup': PYTHONPATH=/home/jetson/nursing_yee/build/nursing_bringup/prefix_override:/usr/lib/python3/dist-packages/colcon_core/task/python/colcon_distutils_commands:/home/jetson/nursing_yee/install/nursing_bringup/lib/python3.8/site-packages:${PYTHONPATH} /usr/bin/python3 -W ignore:setup.py install is deprecated -W ignore:easy_install command is deprecated setup.py egg_info --egg-base ../../build/nursing_bringup build --build-base /home/jetson/nursing_yee/build/nursing_bringup/build install --record /home/jetson/nursing_yee/build/nursing_bringup/install.log --install-scripts $base/lib/nursing_bringup --single-version-externally-managed install_data
[5.731s] /usr/local/lib/python3.8/dist-packages/setuptools/dist.py:717: UserWarning: Usage of dash-separated 'script-dir' will not be supported in future versions. Please use the underscore name 'script_dir' instead
[5.732s]   warnings.warn(
[5.874s] running egg_info
[5.877s] writing ../../build/nursing_bringup/nursing_bringup.egg-info/PKG-INFO
[5.878s] writing dependency_links to ../../build/nursing_bringup/nursing_bringup.egg-info/dependency_links.txt
[5.879s] writing entry points to ../../build/nursing_bringup/nursing_bringup.egg-info/entry_points.txt
[5.881s] writing requirements to ../../build/nursing_bringup/nursing_bringup.egg-info/requires.txt
[5.882s] writing top-level names to ../../build/nursing_bringup/nursing_bringup.egg-info/top_level.txt
[5.892s] reading manifest file '../../build/nursing_bringup/nursing_bringup.egg-info/SOURCES.txt'
[5.896s] writing manifest file '../../build/nursing_bringup/nursing_bringup.egg-info/SOURCES.txt'
[5.898s] running build
[5.899s] running build_py
[5.899s] running install
[5.900s] running install_lib
[5.906s] running install_data
[5.907s] copying package.xml -> /home/jetson/nursing_yee/install/nursing_bringup/share/nursing_bringup
[5.907s] creating /home/jetson/nursing_yee/install/nursing_bringup/share/nursing_bringup/launch
[5.909s] copying launch/nursing_bringup.launch.py -> /home/jetson/nursing_yee/install/nursing_bringup/share/nursing_bringup/launch
[5.910s] running install_egg_info
[5.918s] removing '/home/jetson/nursing_yee/install/nursing_bringup/lib/python3.8/site-packages/nursing_bringup-0.0.0-py3.8.egg-info' (and everything under it)
[5.919s] Copying ../../build/nursing_bringup/nursing_bringup.egg-info to /home/jetson/nursing_yee/install/nursing_bringup/lib/python3.8/site-packages/nursing_bringup-0.0.0-py3.8.egg-info
[5.925s] running install_scripts
[6.008s] writing list of installed files to '/home/jetson/nursing_yee/build/nursing_bringup/install.log'
[6.116s] Invoked command in '/home/jetson/nursing_yee/src/nursing_bringup' returned '0': PYTHONPATH=/home/jetson/nursing_yee/build/nursing_bringup/prefix_override:/usr/lib/python3/dist-packages/colcon_core/task/python/colcon_distutils_commands:/home/jetson/nursing_yee/install/nursing_bringup/lib/python3.8/site-packages:${PYTHONPATH} /usr/bin/python3 -W ignore:setup.py install is deprecated -W ignore:easy_install command is deprecated setup.py egg_info --egg-base ../../build/nursing_bringup build --build-base /home/jetson/nursing_yee/build/nursing_bringup/build install --record /home/jetson/nursing_yee/build/nursing_bringup/install.log --install-scripts $base/lib/nursing_bringup --single-version-externally-managed install_data
